\BOOKMARK [0][-]{chapter.1}{\376\377\004\022\004\062\004\065\004\064\004\065\004\075\004\070\004\065}{}% 1
\BOOKMARK [0][-]{chapter.2}{\376\377\004\027\004\060\004\064\004\060\004\075\004\070\004\065\000\040\0001\000:\000\040\004\040\004\065\004\060\004\073\004\070\004\067\004\060\004\106\004\070\004\117\000\040\004\072\004\073\004\060\004\101\004\101\004\076\004\062\000\040\004\101\004\103\004\111\004\075\004\076\004\101\004\102\004\065\004\071}{}% 2
\BOOKMARK [1][-]{section.2.1}{\376\377\004\037\004\076\004\117\004\101\004\075\004\065\004\075\004\070\004\065\000\040\004\072\000\040\004\062\004\113\004\077\004\076\004\073\004\075\004\065\004\075\004\070\004\116\000\040\004\027\004\060\004\064\004\060\004\075\004\070\004\117\000\040\0001}{chapter.2}% 3
\BOOKMARK [2][-]{subsection.2.1.1}{\376\377\004\034\004\076\004\064\004\103\004\073\004\114\000\040\000g\000e\000n\000e\000r\000a\000l\000.\000p\000y}{section.2.1}% 4
\BOOKMARK [2][-]{subsection.2.1.2}{\376\377\004\034\004\076\004\064\004\103\004\073\004\114\000\040\000d\000e\000p\000a\000r\000t\000m\000e\000n\000t\000.\000p\000y}{section.2.1}% 5
\BOOKMARK [2][-]{subsection.2.1.3}{\376\377\004\034\004\076\004\064\004\103\004\073\004\114\000\040\000e\000x\000p\000e\000n\000s\000e\000t\000y\000p\000e\000.\000p\000y}{section.2.1}% 6
\BOOKMARK [2][-]{subsection.2.1.4}{\376\377\004\034\004\076\004\064\004\103\004\073\004\114\000\040\000e\000x\000p\000e\000n\000s\000e\000.\000p\000y}{section.2.1}% 7
\BOOKMARK [1][-]{section.2.2}{\376\377\000U\000M\000L\000-\004\064\004\070\004\060\004\063\004\100\004\060\004\074\004\074\004\060\000\040\004\072\004\073\004\060\004\101\004\101\004\076\004\062\000\040\004\101\004\103\004\111\004\075\004\076\004\101\004\102\004\065\004\071}{chapter.2}% 8
\BOOKMARK [0][-]{chapter.3}{\376\377\004\027\004\060\004\064\004\060\004\075\004\070\004\065\000\040\0002\000:\000\040\004\040\004\065\004\060\004\073\004\070\004\067\004\060\004\106\004\070\004\117\000\040\004\101\004\070\004\101\004\102\004\065\004\074\004\113\000\040\004\105\004\100\004\060\004\075\004\065\004\075\004\070\004\117\000\040\004\064\004\060\004\075\004\075\004\113\004\105}{}% 9
\BOOKMARK [1][-]{section.3.1}{\376\377\004\037\004\076\004\117\004\101\004\075\004\065\004\075\004\070\004\065\000\040\004\072\000\040\004\062\004\113\004\077\004\076\004\073\004\075\004\065\004\075\004\070\004\116\000\040\004\027\004\060\004\064\004\060\004\075\004\070\004\117\000\040\0002}{chapter.3}% 10
\BOOKMARK [2][-]{subsection.3.1.1}{\376\377\004\034\004\076\004\064\004\103\004\073\004\114\000\040\000g\000e\000n\000e\000r\000a\000l\000l\000i\000s\000t\000.\000p\000y}{section.3.1}% 11
\BOOKMARK [2][-]{subsection.3.1.2}{\376\377\004\034\004\076\004\064\004\103\004\073\004\114\000\040\000d\000e\000p\000a\000r\000t\000m\000e\000n\000t\000l\000i\000s\000t\000.\000p\000y}{section.3.1}% 12
\BOOKMARK [2][-]{subsection.3.1.3}{\376\377\004\034\004\076\004\064\004\103\004\073\004\114\000\040\000e\000x\000p\000e\000n\000s\000e\000t\000y\000p\000e\000l\000i\000s\000t\000.\000p\000y}{section.3.1}% 13
\BOOKMARK [2][-]{subsection.3.1.4}{\376\377\004\034\004\076\004\064\004\103\004\073\004\114\000\040\000e\000x\000p\000e\000n\000s\000e\000l\000i\000s\000t\000.\000p\000y}{section.3.1}% 14
\BOOKMARK [2][-]{subsection.3.1.5}{\376\377\004\034\004\076\004\064\004\103\004\073\004\114\000\040\000d\000a\000t\000a\000.\000p\000y}{section.3.1}% 15
\BOOKMARK [2][-]{subsection.3.1.6}{\376\377\004\034\004\076\004\064\004\103\004\073\004\114\000\040\000d\000a\000t\000a\000x\000m\000l\000.\000p\000y}{section.3.1}% 16
\BOOKMARK [2][-]{subsection.3.1.7}{\376\377\004\034\004\076\004\064\004\103\004\073\004\114\000\040\000a\000c\000c\000o\000u\000n\000t\000i\000n\000g\000.\000p\000y}{section.3.1}% 17
\BOOKMARK [2][-]{subsection.3.1.8}{\376\377\004\034\004\076\004\064\004\103\004\073\004\114\000\040\000r\000o\000w\000c\000o\000d\000e\000.\000p\000y}{section.3.1}% 18
\BOOKMARK [2][-]{subsection.3.1.9}{\376\377\004\037\004\100\004\070\004\074\004\065\004\100\000\040\000X\000M\000L\000-\004\104\004\060\004\071\004\073\004\060\000\040\004\064\004\060\004\075\004\075\004\113\004\105}{section.3.1}% 19
\BOOKMARK [1][-]{section.3.2}{\376\377\000U\000M\000L\000-\004\064\004\070\004\060\004\063\004\100\004\060\004\074\004\074\004\060\000\040\004\101\004\073\004\076\004\117\000\040\004\064\004\060\004\075\004\075\004\113\004\105}{chapter.3}% 20
\BOOKMARK [0][-]{chapter.4}{\376\377\004\027\004\060\004\064\004\060\004\075\004\070\004\065\000\040\0003\000:\000\040\004\040\004\065\004\060\004\073\004\070\004\067\004\060\004\106\004\070\004\117\000\040\004\063\004\100\004\060\004\104\004\070\004\107\004\065\004\101\004\072\004\076\004\063\004\076\000\040\004\070\004\075\004\102\004\065\004\100\004\104\004\065\004\071\004\101\004\060\000\040\000P\000y\000Q\000t\0005}{}% 21
\BOOKMARK [1][-]{section.4.1}{\376\377\004\037\004\076\004\117\004\101\004\075\004\065\004\075\004\070\004\065\000\040\004\072\000\040\004\062\004\113\004\077\004\076\004\073\004\075\004\065\004\075\004\070\004\116\000\040\004\027\004\060\004\064\004\060\004\075\004\070\004\117\000\040\0003}{chapter.4}% 22
\BOOKMARK [2][-]{subsection.4.1.1}{\376\377\004\034\004\076\004\064\004\103\004\073\004\114\000\040\000l\000i\000b\000w\000i\000d\000g\000e\000t\000.\000p\000y}{section.4.1}% 23
\BOOKMARK [2][-]{subsection.4.1.2}{\376\377\004\034\004\076\004\064\004\103\004\073\004\114\000\040\000d\000b\000c\000o\000m\000b\000o\000b\000o\000x\000.\000p\000y}{section.4.1}% 24
\BOOKMARK [2][-]{subsection.4.1.3}{\376\377\004\034\004\076\004\064\004\103\004\073\004\114\000\040\000d\000b\000t\000a\000b\000l\000e\000w\000i\000d\000g\000e\000t\000.\000p\000y}{section.4.1}% 25
\BOOKMARK [2][-]{subsection.4.1.4}{\376\377\004\034\004\076\004\064\004\103\004\073\004\114\000\040\000e\000d\000i\000t\000f\000o\000r\000m\000.\000p\000y}{section.4.1}% 26
\BOOKMARK [2][-]{subsection.4.1.5}{\376\377\004\034\004\076\004\064\004\103\004\073\004\114\000\040\000p\000a\000g\000e\000.\000p\000y}{section.4.1}% 27
\BOOKMARK [2][-]{subsection.4.1.6}{\376\377\004\042\004\060\004\061\004\073\004\070\004\106\004\113\000\040\004\064\004\073\004\117\000\040\004\101\004\103\004\111\004\075\004\076\004\101\004\102\004\065\004\071}{section.4.1}% 28
\BOOKMARK [2][-]{subsection.4.1.7}{\376\377\004\032\004\076\004\074\004\061\004\076\000-\004\061\004\076\004\072\004\101\004\113\000\040\004\064\004\073\004\117\000\040\004\062\004\113\004\061\004\076\004\100\004\060\000\040\004\101\004\062\004\117\004\067\004\060\004\075\004\075\004\113\004\105\000\040\004\076\004\061\004\112\004\065\004\072\004\102\004\076\004\062}{section.4.1}% 29
\BOOKMARK [2][-]{subsection.4.1.8}{\376\377\004\044\004\076\004\100\004\074\004\113\000\040\004\100\004\065\004\064\004\060\004\072\004\102\004\070\004\100\004\076\004\062\004\060\004\075\004\070\004\117}{section.4.1}% 30
\BOOKMARK [2][-]{subsection.4.1.9}{\376\377\004\041\004\102\004\100\004\060\004\075\004\070\004\106\004\113}{section.4.1}% 31
\BOOKMARK [2][-]{subsection.4.1.10}{\376\377\004\034\004\076\004\064\004\103\004\073\004\114\000\040\000t\000a\000b\000w\000i\000d\000g\000e\000t\000.\000p\000y}{section.4.1}% 32
\BOOKMARK [2][-]{subsection.4.1.11}{\376\377\004\034\004\076\004\064\004\103\004\073\004\114\000\040\000m\000a\000i\000n\000w\000i\000n\000d\000o\000w\000.\000p\000y}{section.4.1}% 33
\BOOKMARK [2][-]{subsection.4.1.12}{\376\377\004\042\004\076\004\107\004\072\004\060\000\040\004\062\004\105\004\076\004\064\004\060\000:\000\040\000m\000a\000i\000n\000.\000p\000y\000w}{section.4.1}% 34
\BOOKMARK [1][-]{section.4.2}{\376\377\000U\000M\000L\000-\004\064\004\070\004\060\004\063\004\100\004\060\004\074\004\074\004\060\000\040\004\072\004\073\004\060\004\101\004\101\004\076\004\062\000\040\000G\000U\000I}{chapter.4}% 35
\BOOKMARK [1][-]{section.4.3}{\376\377\004\040\004\065\004\067\004\103\004\073\004\114\004\102\004\060\004\102\004\113\000\040\004\100\004\060\004\061\004\076\004\102\004\113\000\040\004\077\004\100\004\070\004\073\004\076\004\066\004\065\004\075\004\070\004\117}{chapter.4}% 36
\BOOKMARK [2][-]{subsection.4.3.1}{\376\377\004\022\004\072\004\073\004\060\004\064\004\072\004\060\000\040\000\253\004\036\004\102\004\064\004\065\004\073\004\113\000\273}{section.4.3}% 37
\BOOKMARK [2][-]{subsection.4.3.2}{\376\377\004\022\004\072\004\073\004\060\004\064\004\072\004\060\000\040\000\253\004\022\004\070\004\064\004\113\000\040\004\100\004\060\004\101\004\105\004\076\004\064\004\076\004\062\000\273}{section.4.3}% 38
\BOOKMARK [2][-]{subsection.4.3.3}{\376\377\004\022\004\072\004\073\004\060\004\064\004\072\004\060\000\040\000\253\004\040\004\060\004\101\004\105\004\076\004\064\004\113\000\273}{section.4.3}% 39
\BOOKMARK [2][-]{subsection.4.3.4}{\376\377\004\027\004\060\004\063\004\100\004\103\004\067\004\072\004\060\000\040\004\064\004\060\004\075\004\075\004\113\004\105\000\040\004\070\004\067\000\040\000X\000M\000L}{section.4.3}% 40
\BOOKMARK [2][-]{subsection.4.3.5}{\376\377\004\041\004\076\004\105\004\100\004\060\004\075\004\065\004\075\004\070\004\065\000\040\004\064\004\060\004\075\004\075\004\113\004\105\000\040\004\062\000\040\000X\000M\000L}{section.4.3}% 41
\BOOKMARK [0][-]{chapter.5}{\376\377\004\027\004\060\004\072\004\073\004\116\004\107\004\065\004\075\004\070\004\065}{}% 42
